#
# There is insufficient memory for the Java Runtime Environment to continue.
# Native memory allocation (mmap) failed to map 134217728 bytes for Failed to commit area from 0x0000000081800000 to 0x0000000089800000 of length 134217728.
# Possible reasons:
#   The system is out of physical RAM or swap space
#   The process is running with CompressedOops enabled, and the Java Heap may be blocking the growth of the native heap
# Possible solutions:
#   Reduce memory load on the system
#   Increase physical memory or swap space
#   Check if swap backing store is full
#   Decrease Java heap size (-Xmx/-Xms)
#   Decrease number of Java threads
#   Decrease Java thread stack sizes (-Xss)
#   Set larger code cache with -XX:ReservedCodeCacheSize=
# This output file may be truncated or incomplete.
#
#  Out of Memory Error (./src/hotspot/os/windows/os_windows.cpp:3301), pid=14516, tid=11224
#
# JRE version:  (11.0.10) (build )
# Java VM: OpenJDK 64-Bit Server VM (11.0.10+0-b96-7249189, mixed mode, sharing, tiered, compressed oops, g1 gc, windows-amd64)
# No core dump will be written. Minidumps are not enabled by default on client versions of Windows
#

---------------  S U M M A R Y ------------

Command Line: 

Host: Intel(R) Core(TM) i7-4712HQ CPU @ 2.30GHz, 8 cores, 7G,  Windows 10 , 64 bit Build 19041 (10.0.19041.1566)
Time: Fri Mar 18 11:21:01 2022 SE Asia Standard Time elapsed time: 0.080306 seconds (0d 0h 0m 0s)

---------------  T H R E A D  ---------------

Current thread (0x000001ffa644a800):  JavaThread "Unknown thread" [_thread_in_vm, id=11224, stack(0x000000db7f200000,0x000000db7f300000)]

Stack: [0x000000db7f200000,0x000000db7f300000]
Native frames: (J=compiled Java code, j=interpreted, Vv=VM code, C=native code)
V  [jvm.dll+0x5ecfaa]
V  [jvm.dll+0x722bd5]
V  [jvm.dll+0x72412d]
V  [jvm.dll+0x7247e3]
V  [jvm.dll+0x242928]
V  [jvm.dll+0x5ea374]
V  [jvm.dll+0x5df425]
V  [jvm.dll+0x2fdebb]
V  [jvm.dll+0x2fde2a]
V  [jvm.dll+0x2fdd02]
V  [jvm.dll+0x302bf6]
V  [jvm.dll+0x34b2a3]
V  [jvm.dll+0x34b9a6]
V  [jvm.dll+0x34b3a3]
V  [jvm.dll+0x2d8888]
V  [jvm.dll+0x2d9a37]
V  [jvm.dll+0x701737]
V  [jvm.dll+0x702f2c]
V  [jvm.dll+0x3587d9]
V  [jvm.dll+0x6e4fae]
V  [jvm.dll+0x3c0be3]
V  [jvm.dll+0x3c2e91]
C  [jli.dll+0x5373]
C  [ucrtbase.dll+0x21bb2]
C  [KERNEL32.DLL+0x17034]
C  [ntdll.dll+0x52651]


---------------  P R O C E S S  ---------------

Threads class SMR info:
_java_thread_list=0x000001ffa4b11080, length=0, elements={
}

Java Threads: ( => current thread )

Other Threads:
  0x000001ffa6460800 GCTaskThread "GC Thread#0" [stack: 0x000000db7f300000,0x000000db7f400000] [id=16648]
  0x000001ffa6491800 ConcurrentGCThread "G1 Main Marker" [stack: 0x000000db7f400000,0x000000db7f500000] [id=18528]
  0x000001ffa6493000 ConcurrentGCThread "G1 Conc#0" [stack: 0x000000db7f500000,0x000000db7f600000] [id=18832]

[error occurred during error reporting (printing all threads), id 0xc0000005, EXCEPTION_ACCESS_VIOLATION (0xc0000005) at pc=0x00007fff0d139107]

VM state:not at safepoint (not fully initialized)

VM Mutex/Monitor currently owned by a thread:  ([mutex/lock_event])
[0x000001ffa6446f40] Heap_lock - owner thread: 0x000001ffa644a800

Heap address: 0x0000000081800000, size: 2024 MB, Compressed Oops mode: Non-zero based: 0x0000000081800000
Narrow klass base: 0x0000000000000000, Narrow klass shift: 0

GC Heap History (0 events):
No events

Deoptimization events (0 events):
No events

Classes redefined (0 events):
No events

Internal exceptions (0 events):
No events

Events (1 events):
Event: 0.044 Loaded shared library C:\Program Files\Android\Android Studio\jre\bin\zip.dll


Dynamic libraries:
0x00007ff7c7280000 - 0x00007ff7c728a000 	C:\Program Files\Android\Android Studio\jre\bin\java.EXE
0x00007fff78850000 - 0x00007fff78a45000 	C:\Windows\SYSTEM32\ntdll.dll
0x00007fff77110000 - 0x00007fff771ce000 	C:\Windows\System32\KERNEL32.DLL
0x00007fff76560000 - 0x00007fff76828000 	C:\Windows\System32\KERNELBASE.dll
0x00007fff76460000 - 0x00007fff76560000 	C:\Windows\System32\ucrtbase.dll
0x00007fff6f2e0000 - 0x00007fff6f2f9000 	C:\Program Files\Android\Android Studio\jre\bin\jli.dll
0x00007fff78310000 - 0x00007fff784b0000 	C:\Windows\System32\USER32.dll
0x00007fff75f70000 - 0x00007fff75f92000 	C:\Windows\System32\win32u.dll
0x00007fff77300000 - 0x00007fff7732b000 	C:\Windows\System32\GDI32.dll
0x00007fff76100000 - 0x00007fff7620b000 	C:\Windows\System32\gdi32full.dll
0x00007fff762c0000 - 0x00007fff7635d000 	C:\Windows\System32\msvcp_win.dll
0x00007fff75350000 - 0x00007fff755ea000 	C:\Windows\WinSxS\amd64_microsoft.windows.common-controls_6595b64144ccf1df_6.0.19041.1110_none_60b5254171f9507e\COMCTL32.dll
0x00007fff78260000 - 0x00007fff782fe000 	C:\Windows\System32\msvcrt.dll
0x00007fff71870000 - 0x00007fff71887000 	C:\Program Files\Android\Android Studio\jre\bin\VCRUNTIME140.dll
0x00007fff78730000 - 0x00007fff78760000 	C:\Windows\System32\IMM32.DLL
0x00007fff46cc0000 - 0x00007fff46d5d000 	C:\Program Files\Android\Android Studio\jre\bin\msvcp140.dll
0x00007fff0ce50000 - 0x00007fff0d91f000 	C:\Program Files\Android\Android Studio\jre\bin\server\jvm.dll
0x00007fff771d0000 - 0x00007fff7727e000 	C:\Windows\System32\ADVAPI32.dll
0x00007fff77070000 - 0x00007fff7710c000 	C:\Windows\System32\sechost.dll
0x00007fff777a0000 - 0x00007fff778c5000 	C:\Windows\System32\RPCRT4.dll
0x00007fff78300000 - 0x00007fff78308000 	C:\Windows\System32\PSAPI.DLL
0x00007fff67300000 - 0x00007fff67327000 	C:\Windows\SYSTEM32\WINMM.dll
0x00007fff72840000 - 0x00007fff7284a000 	C:\Windows\SYSTEM32\VERSION.dll
0x00007fff62920000 - 0x00007fff62929000 	C:\Windows\SYSTEM32\WSOCK32.dll
0x00007fff77ba0000 - 0x00007fff77c0b000 	C:\Windows\System32\ws2_32.DLL
0x00007fff741c0000 - 0x00007fff741d2000 	C:\Windows\SYSTEM32\kernel.appcore.dll
0x00007fff607c0000 - 0x00007fff607d1000 	C:\Program Files\Android\Android Studio\jre\bin\verify.dll
0x00007fff75990000 - 0x00007fff75b74000 	C:\Windows\SYSTEM32\DBGHELP.DLL
0x00007fff75740000 - 0x00007fff7576c000 	C:\Windows\SYSTEM32\dbgcore.DLL
0x00007fff763d0000 - 0x00007fff76452000 	C:\Windows\System32\bcryptPrimitives.dll
0x00007fff510f0000 - 0x00007fff51119000 	C:\Program Files\Android\Android Studio\jre\bin\java.dll
0x00007fff719a0000 - 0x00007fff719ab000 	C:\Program Files\Android\Android Studio\jre\bin\jimage.dll
0x00007fff510d0000 - 0x00007fff510e8000 	C:\Program Files\Android\Android Studio\jre\bin\zip.dll

dbghelp: loaded successfully - version: 4.0.5 - missing functions: none
symbol engine: initialized successfully - sym options: 0x614 - pdb path: .;C:\Program Files\Android\Android Studio\jre\bin;C:\Windows\SYSTEM32;C:\Windows\WinSxS\amd64_microsoft.windows.common-controls_6595b64144ccf1df_6.0.19041.1110_none_60b5254171f9507e;C:\Program Files\Android\Android Studio\jre\bin\server

VM Arguments:
java_command: <unknown>
java_class_path (initial): <not set>
Launcher Type: SUN_STANDARD

[Global flags]
     intx CICompilerCount                          = 4                                         {product} {ergonomic}
     uint ConcGCThreads                            = 2                                         {product} {ergonomic}
     uint G1ConcRefinementThreads                  = 8                                         {product} {ergonomic}
   size_t G1HeapRegionSize                         = 1048576                                   {product} {ergonomic}
    uintx GCDrainStackTargetSize                   = 64                                        {product} {ergonomic}
   size_t InitialHeapSize                          = 134217728                                 {product} {ergonomic}
   size_t MarkStackSize                            = 4194304                                   {product} {ergonomic}
   size_t MaxHeapSize                              = 2122317824                                {product} {ergonomic}
   size_t MinHeapDeltaBytes                        = 1048576                                   {product} {ergonomic}
    uintx NonNMethodCodeHeapSize                   = 5836300                                {pd product} {ergonomic}
    uintx NonProfiledCodeHeapSize                  = 122910970                              {pd product} {ergonomic}
    uintx ProfiledCodeHeapSize                     = 122910970                              {pd product} {ergonomic}
    uintx ReservedCodeCacheSize                    = 251658240                              {pd product} {ergonomic}
     bool SegmentedCodeCache                       = true                                      {product} {ergonomic}
     bool UseCompressedClassPointers               = true                                 {lp64_product} {ergonomic}
     bool UseCompressedOops                        = true                                 {lp64_product} {ergonomic}
     bool UseG1GC                                  = true                                      {product} {ergonomic}
     bool UseLargePagesIndividualAllocation        = false                                  {pd product} {ergonomic}

Logging:
Log output configuration:
 #0: stdout all=warning uptime,level,tags
 #1: stderr all=off uptime,level,tags

Environment Variables:
JAVA_HOME=C:\Program Files\OpenJDK\openjdk-8u302-b08
PATH=C:\Windows\system32;C:\Windows;C:\Windows\System32\Wbem;C:\Windows\System32\WindowsPowerShell\v1.0\;C:\Windows\System32\OpenSSH\;C:\ProgramData\chocolatey\bin;C:\Program Files\nodejs\;C:\Program Files\OpenJDK\openjdk-8u302-b08\bin;%ANDROID_HOME%;D:\Workspace\Flutter\flutter\bin;C:\Program Files\Git\cmd;C:\Program Files\Intel\WiFi\bin\;C:\Program Files\Common Files\Intel\WirelessCommon\;D:\tailieutamthoi\kotlin-compiler-1.5.32\kotlinc\bin;D:\tailieutamthoi\xampp\php;C:\composer;D:\Workspace\Xampp\php;C:\Users\Thanh.00\AppData\Local\Microsoft\WindowsApps;C:\Users\Thanh.00\AppData\Roaming\npm;C:\Users\Thanh.00\AppData\Local\Programs\Microsoft VS Code\bin;D:\tailieutamthoi\heroku\bin;C:\Users\Thanh.00\AppData\Roaming\Composer\vendor\bin;D:\Workspace\Xampp\php;;D:\Workspace\Flutter\flutter\bin\mingit\cmd
USERNAME=Thanh.00
OS=Windows_NT
PROCESSOR_IDENTIFIER=Intel64 Family 6 Model 60 Stepping 3, GenuineIntel



---------------  S Y S T E M  ---------------

OS: Windows 10 , 64 bit Build 19041 (10.0.19041.1566)
OS uptime: 0 days 2:34 hours

CPU:total 8 (initial active 8) (4 cores per cpu, 2 threads per core) family 6 model 60 stepping 3 microcode 0x27, cmov, cx8, fxsr, mmx, sse, sse2, sse3, ssse3, sse4.1, sse4.2, popcnt, avx, avx2, aes, clmul, erms, lzcnt, ht, tsc, tscinvbit, bmi1, bmi2, fma

Memory: 4k page, system-wide physical 8094M (33M free)
TotalPageFile size 24163M (AvailPageFile size 79M)
current process WorkingSet (physical memory assigned to process): 9M, peak: 9M
current process commit charge ("private bytes"): 59M, peak: 187M

vm_info: OpenJDK 64-Bit Server VM (11.0.10+0-b96-7249189) for windows-amd64 JRE (11.0.10+0-b96-7249189), built on Mar 31 2021 21:44:00 by "builder" with MS VC++ 14.0 (VS2015)

END.
