#
# There is insufficient memory for the Java Runtime Environment to continue.
# Native memory allocation (mmap) failed to map 134217728 bytes for Failed to commit area from 0x0000000081800000 to 0x0000000089800000 of length 134217728.
# Possible reasons:
#   The system is out of physical RAM or swap space
#   The process is running with CompressedOops enabled, and the Java Heap may be blocking the growth of the native heap
# Possible solutions:
#   Reduce memory load on the system
#   Increase physical memory or swap space
#   Check if swap backing store is full
#   Decrease Java heap size (-Xmx/-Xms)
#   Decrease number of Java threads
#   Decrease Java thread stack sizes (-Xss)
#   Set larger code cache with -XX:ReservedCodeCacheSize=
# This output file may be truncated or incomplete.
#
#  Out of Memory Error (./src/hotspot/os/windows/os_windows.cpp:3301), pid=9168, tid=18376
#
# JRE version:  (11.0.10) (build )
# Java VM: OpenJDK 64-Bit Server VM (11.0.10+0-b96-7249189, mixed mode, sharing, tiered, compressed oops, g1 gc, windows-amd64)
# No core dump will be written. Minidumps are not enabled by default on client versions of Windows
#

---------------  S U M M A R Y ------------

Command Line: -Dorg.gradle.appname=gradlew org.gradle.wrapper.GradleWrapperMain -q -Ptarget-platform=android-x86 -Ptarget=D:\Workspace\flutter_rubicon\stringee_flutter_plugin\example\lib\main.dart -Pdart-defines=Zmx1dHRlci5pbnNwZWN0b3Iuc3RydWN0dXJlZEVycm9ycz10cnVl,RkxVVFRFUl9XRUJfQVVUT19ERVRFQ1Q9dHJ1ZQ== -Pdart-obfuscation=false -Ptrack-widget-creation=true -Ptree-shake-icons=false -Pfilesystem-scheme=org-dartlang-root assembleDebug

Host: Intel(R) Core(TM) i7-4712HQ CPU @ 2.30GHz, 8 cores, 7G,  Windows 10 , 64 bit Build 19041 (10.0.19041.1503)
Time: Fri Mar 11 10:36:30 2022 SE Asia Standard Time elapsed time: 0.097329 seconds (0d 0h 0m 0s)

---------------  T H R E A D  ---------------

Current thread (0x000001e63f95f000):  JavaThread "Unknown thread" [_thread_in_vm, id=18376, stack(0x00000098b2300000,0x00000098b2400000)]

Stack: [0x00000098b2300000,0x00000098b2400000]
Native frames: (J=compiled Java code, j=interpreted, Vv=VM code, C=native code)
V  [jvm.dll+0x5ecfaa]
V  [jvm.dll+0x722bd5]
V  [jvm.dll+0x72412d]
V  [jvm.dll+0x7247e3]
V  [jvm.dll+0x242928]
V  [jvm.dll+0x5ea374]
V  [jvm.dll+0x5df425]
V  [jvm.dll+0x2fdebb]
V  [jvm.dll+0x2fde2a]
V  [jvm.dll+0x2fdd02]
V  [jvm.dll+0x302bf6]
V  [jvm.dll+0x34b2a3]
V  [jvm.dll+0x34b9a6]
V  [jvm.dll+0x34b3a3]
V  [jvm.dll+0x2d8888]
V  [jvm.dll+0x2d9a37]
V  [jvm.dll+0x701737]
V  [jvm.dll+0x702f2c]
V  [jvm.dll+0x3587d9]
V  [jvm.dll+0x6e4fae]
V  [jvm.dll+0x3c0be3]
V  [jvm.dll+0x3c2e91]
C  [jli.dll+0x5373]
C  [ucrtbase.dll+0x21bb2]
C  [KERNEL32.DLL+0x17034]
C  [ntdll.dll+0x52651]


---------------  P R O C E S S  ---------------

Threads class SMR info:
_java_thread_list=0x000001e63d7c2660, length=0, elements={
}

Java Threads: ( => current thread )

Other Threads:
  0x000001e63f976000 GCTaskThread "GC Thread#0" [stack: 0x00000098b2400000,0x00000098b2500000] [id=16684]
  0x000001e63f9a7800 ConcurrentGCThread "G1 Main Marker" [stack: 0x00000098b2500000,0x00000098b2600000] [id=4468]
  0x000001e63f9a9000 ConcurrentGCThread "G1 Conc#0" [stack: 0x00000098b2600000,0x00000098b2700000] [id=16576]

[error occurred during error reporting (printing all threads), id 0xc0000005, EXCEPTION_ACCESS_VIOLATION (0xc0000005) at pc=0x00007ffdf07f9107]

VM state:not at safepoint (not fully initialized)

VM Mutex/Monitor currently owned by a thread:  ([mutex/lock_event])
[0x000001e63f95c830] Heap_lock - owner thread: 0x000001e63f95f000

Heap address: 0x0000000081800000, size: 2024 MB, Compressed Oops mode: Non-zero based: 0x0000000081800000
Narrow klass base: 0x0000000000000000, Narrow klass shift: 0

GC Heap History (0 events):
No events

Deoptimization events (0 events):
No events

Classes redefined (0 events):
No events

Internal exceptions (0 events):
No events

Events (1 events):
Event: 0.021 Loaded shared library C:\Program Files\Android\Android Studio\jre\bin\zip.dll


Dynamic libraries:
0x00007ff62b240000 - 0x00007ff62b24a000 	C:\Program Files\Android\Android Studio\jre\bin\java.exe
0x00007ffe5e7d0000 - 0x00007ffe5e9c5000 	C:\Windows\SYSTEM32\ntdll.dll
0x00007ffe5e6d0000 - 0x00007ffe5e78e000 	C:\Windows\System32\KERNEL32.DLL
0x00007ffe5c550000 - 0x00007ffe5c818000 	C:\Windows\System32\KERNELBASE.dll
0x00007ffe5c400000 - 0x00007ffe5c500000 	C:\Windows\System32\ucrtbase.dll
0x00007ffe40d80000 - 0x00007ffe40d97000 	C:\Program Files\Android\Android Studio\jre\bin\VCRUNTIME140.dll
0x00007ffe53db0000 - 0x00007ffe53dc9000 	C:\Program Files\Android\Android Studio\jre\bin\jli.dll
0x00007ffe5e240000 - 0x00007ffe5e3e0000 	C:\Windows\System32\USER32.dll
0x00007ffe5c3d0000 - 0x00007ffe5c3f2000 	C:\Windows\System32\win32u.dll
0x00007ffe5c820000 - 0x00007ffe5c84b000 	C:\Windows\System32\GDI32.dll
0x00007ffe5c000000 - 0x00007ffe5c10d000 	C:\Windows\System32\gdi32full.dll
0x00007ffe5c110000 - 0x00007ffe5c1ad000 	C:\Windows\System32\msvcp_win.dll
0x00007ffe5b2b0000 - 0x00007ffe5b54a000 	C:\Windows\WinSxS\amd64_microsoft.windows.common-controls_6595b64144ccf1df_6.0.19041.1110_none_60b5254171f9507e\COMCTL32.dll
0x00007ffe5de80000 - 0x00007ffe5df1e000 	C:\Windows\System32\msvcrt.dll
0x00007ffe5e3e0000 - 0x00007ffe5e410000 	C:\Windows\System32\IMM32.DLL
0x00007ffe40030000 - 0x00007ffe400cd000 	C:\Program Files\Android\Android Studio\jre\bin\msvcp140.dll
0x00007ffdf0510000 - 0x00007ffdf0fdf000 	C:\Program Files\Android\Android Studio\jre\bin\server\jvm.dll
0x00007ffe5df20000 - 0x00007ffe5dfce000 	C:\Windows\System32\ADVAPI32.dll
0x00007ffe5dce0000 - 0x00007ffe5dd7c000 	C:\Windows\System32\sechost.dll
0x00007ffe5cdc0000 - 0x00007ffe5cee5000 	C:\Windows\System32\RPCRT4.dll
0x00007ffe5cef0000 - 0x00007ffe5cef8000 	C:\Windows\System32\PSAPI.DLL
0x00007ffe490a0000 - 0x00007ffe490a9000 	C:\Windows\SYSTEM32\WSOCK32.dll
0x00007ffe5cd50000 - 0x00007ffe5cdbb000 	C:\Windows\System32\WS2_32.dll
0x00007ffe4cf10000 - 0x00007ffe4cf37000 	C:\Windows\SYSTEM32\WINMM.dll
0x00007ffe58790000 - 0x00007ffe5879a000 	C:\Windows\SYSTEM32\VERSION.dll
0x00007ffe5a110000 - 0x00007ffe5a122000 	C:\Windows\SYSTEM32\kernel.appcore.dll
0x00007ffe40540000 - 0x00007ffe40551000 	C:\Program Files\Android\Android Studio\jre\bin\verify.dll
0x00007ffe5b900000 - 0x00007ffe5bae4000 	C:\Windows\SYSTEM32\DBGHELP.DLL
0x00007ffe5b6b0000 - 0x00007ffe5b6dc000 	C:\Windows\SYSTEM32\dbgcore.DLL
0x00007ffe5c1e0000 - 0x00007ffe5c262000 	C:\Windows\System32\bcryptPrimitives.dll
0x00007ffe40510000 - 0x00007ffe40539000 	C:\Program Files\Android\Android Studio\jre\bin\java.dll
0x00007ffe557d0000 - 0x00007ffe557db000 	C:\Program Files\Android\Android Studio\jre\bin\jimage.dll
0x00007ffe40890000 - 0x00007ffe408a8000 	C:\Program Files\Android\Android Studio\jre\bin\zip.dll

dbghelp: loaded successfully - version: 4.0.5 - missing functions: none
symbol engine: initialized successfully - sym options: 0x614 - pdb path: .;C:\Program Files\Android\Android Studio\jre\bin;C:\Windows\SYSTEM32;C:\Windows\WinSxS\amd64_microsoft.windows.common-controls_6595b64144ccf1df_6.0.19041.1110_none_60b5254171f9507e;C:\Program Files\Android\Android Studio\jre\bin\server

VM Arguments:
jvm_args: -Dorg.gradle.appname=gradlew 
java_command: org.gradle.wrapper.GradleWrapperMain -q -Ptarget-platform=android-x86 -Ptarget=D:\Workspace\flutter_rubicon\stringee_flutter_plugin\example\lib\main.dart -Pdart-defines=Zmx1dHRlci5pbnNwZWN0b3Iuc3RydWN0dXJlZEVycm9ycz10cnVl,RkxVVFRFUl9XRUJfQVVUT19ERVRFQ1Q9dHJ1ZQ== -Pdart-obfuscation=false -Ptrack-widget-creation=true -Ptree-shake-icons=false -Pfilesystem-scheme=org-dartlang-root assembleDebug
java_class_path (initial): D:\Workspace\flutter_rubicon\stringee_flutter_plugin\example\android\\gradle\wrapper\gradle-wrapper.jar
Launcher Type: SUN_STANDARD

[Global flags]
     intx CICompilerCount                          = 4                                         {product} {ergonomic}
     uint ConcGCThreads                            = 2                                         {product} {ergonomic}
     uint G1ConcRefinementThreads                  = 8                                         {product} {ergonomic}
   size_t G1HeapRegionSize                         = 1048576                                   {product} {ergonomic}
    uintx GCDrainStackTargetSize                   = 64                                        {product} {ergonomic}
   size_t InitialHeapSize                          = 134217728                                 {product} {ergonomic}
   size_t MarkStackSize                            = 4194304                                   {product} {ergonomic}
   size_t MaxHeapSize                              = 2122317824                                {product} {ergonomic}
   size_t MinHeapDeltaBytes                        = 1048576                                   {product} {ergonomic}
    uintx NonNMethodCodeHeapSize                   = 5836300                                {pd product} {ergonomic}
    uintx NonProfiledCodeHeapSize                  = 122910970                              {pd product} {ergonomic}
    uintx ProfiledCodeHeapSize                     = 122910970                              {pd product} {ergonomic}
    uintx ReservedCodeCacheSize                    = 251658240                              {pd product} {ergonomic}
     bool SegmentedCodeCache                       = true                                      {product} {ergonomic}
     bool UseCompressedClassPointers               = true                                 {lp64_product} {ergonomic}
     bool UseCompressedOops                        = true                                 {lp64_product} {ergonomic}
     bool UseG1GC                                  = true                                      {product} {ergonomic}
     bool UseLargePagesIndividualAllocation        = false                                  {pd product} {ergonomic}

Logging:
Log output configuration:
 #0: stdout all=warning uptime,level,tags
 #1: stderr all=off uptime,level,tags

Environment Variables:
JAVA_HOME=C:\Program Files\Android\Android Studio\jre
CLASSPATH=D:\Workspace\flutter_rubicon\stringee_flutter_plugin\example\android\\gradle\wrapper\gradle-wrapper.jar
PATH=C:\Windows\system32;C:\Windows;C:\Windows\System32\Wbem;C:\Windows\System32\WindowsPowerShell\v1.0\;C:\Windows\System32\OpenSSH\;C:\ProgramData\chocolatey\bin;C:\Program Files\nodejs\;C:\Program Files\OpenJDK\openjdk-8u302-b08\bin;%ANDROID_HOME%;D:\Workspace\Flutter\flutter\bin;C:\Program Files\Git\cmd;C:\Program Files\Intel\WiFi\bin\;C:\Program Files\Common Files\Intel\WirelessCommon\;D:\tailieutamthoi\kotlin-compiler-1.5.32\kotlinc\bin;D:\tailieutamthoi\xampp\php;C:\composer;D:\Workspace\Xampp\php;C:\Users\Thanh.00\AppData\Local\Microsoft\WindowsApps;C:\Users\Thanh.00\AppData\Roaming\npm;C:\Users\Thanh.00\AppData\Local\Programs\Microsoft VS Code\bin;D:\tailieutamthoi\heroku\bin;C:\Users\Thanh.00\AppData\Roaming\Composer\vendor\bin;D:\Workspace\Xampp\php;;D:\Workspace\Flutter\flutter\bin\mingit\cmd
USERNAME=Thanh.00
OS=Windows_NT
PROCESSOR_IDENTIFIER=Intel64 Family 6 Model 60 Stepping 3, GenuineIntel



---------------  S Y S T E M  ---------------

OS: Windows 10 , 64 bit Build 19041 (10.0.19041.1503)
OS uptime: 0 days 2:09 hours

CPU:total 8 (initial active 8) (4 cores per cpu, 2 threads per core) family 6 model 60 stepping 3 microcode 0x27, cmov, cx8, fxsr, mmx, sse, sse2, sse3, ssse3, sse4.1, sse4.2, popcnt, avx, avx2, aes, clmul, erms, lzcnt, ht, tsc, tscinvbit, bmi1, bmi2, fma

Memory: 4k page, system-wide physical 8094M (48M free)
TotalPageFile size 24163M (AvailPageFile size 16M)
current process WorkingSet (physical memory assigned to process): 10M, peak: 10M
current process commit charge ("private bytes"): 60M, peak: 187M

vm_info: OpenJDK 64-Bit Server VM (11.0.10+0-b96-7249189) for windows-amd64 JRE (11.0.10+0-b96-7249189), built on Mar 31 2021 21:44:00 by "builder" with MS VC++ 14.0 (VS2015)

END.
